@(#)$CDS: LVS version 6.1.6-64b 07/05/2013 16:09 (sjfnl165) $

Command line: /uusoc/facility/cad_tools/Cadence/IC616.010_lnx86/tools.lnx86/dfII/bin/64bit/LVS -dir /home/nathan/5710/LVS -l -s -t /home/nathan/5710/LVS/layout /home/nathan/5710/LVS/schematic
Like matching is enabled.
Net swapping is enabled.
Using terminal names as correspondence points.
Compiling Diva LVS rules...

    Net-list summary for /home/nathan/5710/LVS/layout/netlist
       count
        5               nets
        4               terminals
        3               pmos
        3               nmos

    Net-list summary for /home/nathan/5710/LVS/schematic/netlist
       count
        5               nets
        4               terminals
        2               pmos
        2               nmos


    Terminal correspondence points
    N3        N2        A
    N2        N4        Y
    N1        N1        gnd!
    N4        N0        vdd!

Devices in the netlist but not in the rules:
        pcapacitor
Devices in the rules but not in the netlist:
        cap nfet pfet nmos4 pmos4

The net-lists match.

                             layout  schematic
                                instances
        un-matched              0       0      
        rewired                 0       0      
        size errors             0       0      
        pruned                  0       0      
        active                  6       4      
        total                   6       4      

                                  nets
        un-matched              0       0      
        merged                  0       0      
        pruned                  0       0      
        active                  5       5      
        total                   5       5      

                                terminals
        un-matched              0       0      
        matched but
        different type          0       0      
        total                   4       4      


Probe files from /home/nathan/5710/LVS/schematic

devbad.out:

netbad.out:

mergenet.out:

termbad.out:

prunenet.out:

prunedev.out:

audit.out:


Probe files from /home/nathan/5710/LVS/layout

devbad.out:

netbad.out:

mergenet.out:

termbad.out:

prunenet.out:

prunedev.out:

audit.out:
