@(#)$CDS: LVS version 6.1.6-64b 07/05/2013 16:09 (sjfnl165) $

Command line: /uusoc/facility/cad_tools/Cadence/IC616.010_lnx86/tools.lnx86/dfII/bin/64bit/LVS -dir /home/nathan/5710/LVS_experimentaldflpflop -l -s -t /home/nathan/5710/LVS_experimentaldflpflop/layout /home/nathan/5710/LVS_experimentaldflpflop/schematic
Like matching is enabled.
Net swapping is enabled.
Using terminal names as correspondence points.
Compiling Diva LVS rules...

    Net-list summary for /home/nathan/5710/LVS_experimentaldflpflop/layout/netlist
       count
        14              nets
        7               terminals
        7               pmos
        9               nmos

    Net-list summary for /home/nathan/5710/LVS_experimentaldflpflop/schematic/netlist
       count
        14              nets
        7               terminals
        7               pmos
        9               nmos


    Terminal correspondence points
    N11       N3        CLK
    N10       N8        CLR
    N12       N5        D
    N8        N2        Q
    N9        N7        QBar
    N7        N1        gnd!
    N13       N0        vdd!

Devices in the netlist but not in the rules:
        pcapacitor
Devices in the rules but not in the netlist:
        cap nfet pfet nmos4 pmos4

The net-lists match.

                             layout  schematic
                                instances
        un-matched              0       0      
        rewired                 0       0      
        size errors             0       0      
        pruned                  0       0      
        active                  16      16     
        total                   16      16     

                                  nets
        un-matched              0       0      
        merged                  0       0      
        pruned                  0       0      
        active                  14      14     
        total                   14      14     

                                terminals
        un-matched              0       0      
        matched but
        different type          0       0      
        total                   7       7      


Probe files from /home/nathan/5710/LVS_experimentaldflpflop/schematic

devbad.out:

netbad.out:

mergenet.out:

termbad.out:

prunenet.out:

prunedev.out:

audit.out:


Probe files from /home/nathan/5710/LVS_experimentaldflpflop/layout

devbad.out:

netbad.out:

mergenet.out:

termbad.out:

prunenet.out:

prunedev.out:

audit.out:
