###############################################################
#  Generated by:      Cadence Encounter 13.13-s017_1
#  OS:                Linux x86_64(Host ID lab2-23)
#  Generated on:      Tue Nov 18 15:38:29 2014
#  Design:            controller
#  Command:           checkDesign -io -netlist -physicalLibrary -powerGround...
###############################################################

#########################################################
## Total instances with placement violations: 106
##   of which 91 insts have multiple violations.
#########################################################

## Insts placed partly or wholly outside the core area (59) ##
#########################################################
### 59 Out of Core Area>
set pchkOutOfCoreList [list \
	{U121} \
	{U122} \
	{U123} \
	{U124} \
	{U125} \
	{U134} \
	{U137} \
	{U139} \
	{U140} \
	{U142} \
	{U143} \
	{U144} \
	{U145} \
	{U151} \
	{U152} \
	{U162} \
	{U163} \
	{U164} \
	{U165} \
	{U167} \
	{U168} \
	{U174} \
	{U175} \
	{U176} \
	{U177} \
	{U183} \
	{U185} \
	{U187} \
	{U188} \
	{U192} \
	{U198} \
	{U200} \
	{U201} \
	{U205} \
	{U206} \
	{U212} \
	{U217} \
	{U218} \
	{U219} \
	{U220} \
	{U223} \
	{U224} \
	{U225} \
	{U228} \
	{U230} \
	{U231} \
	{U235} \
	{U239} \
	{U243} \
	{U244} \
	{U245} \
	{U248} \
	{U250} \
	{U251} \
	{U252} \
	{U253} \
	{U257} \
	{U258} \
	{U262} \
	]

## Insts orient illegal for row; may short power to ground (40) ##
#########################################################
### 40 Row Orientation Violation>
set pchkRowOrientList [list \
	{U126} \
	{U127} \
	{U128} \
	{U129} \
	{U130} \
	{U131} \
	{U133} \
	{U135} \
	{U136} \
	{U148} \
	{U150} \
	{U153} \
	{U157} \
	{U158} \
	{U160} \
	{U166} \
	{U169} \
	{U172} \
	{U173} \
	{U178} \
	{U180} \
	{U191} \
	{U196} \
	{U197} \
	{U204} \
	{U207} \
	{U208} \
	{U209} \
	{U210} \
	{U213} \
	{U215} \
	{U216} \
	{U221} \
	{U222} \
	{U232} \
	{U233} \
	{U234} \
	{U236} \
	{U237} \
	{U249} \
	]

## Insts placed overlapping with other insts (98) ##
#########################################################
### 98 Overlapping with other instance>
set pchkOverlapList [list \
	{U120} \
	{U121} \
	{U123} \
	{U124} \
	{U125} \
	{U126} \
	{U127} \
	{U128} \
	{U129} \
	{U130} \
	{U131} \
	{U133} \
	{U134} \
	{U135} \
	{U136} \
	{U137} \
	{U139} \
	{U140} \
	{U142} \
	{U143} \
	{U144} \
	{U145} \
	{U146} \
	{U148} \
	{U150} \
	{U152} \
	{U153} \
	{U154} \
	{U157} \
	{U158} \
	{U159} \
	{U160} \
	{U163} \
	{U164} \
	{U165} \
	{U166} \
	{U167} \
	{U168} \
	{U169} \
	{U172} \
	{U173} \
	{U174} \
	{U176} \
	{U177} \
	{U178} \
	{U179} \
	{U180} \
	{U182} \
	{U183} \
	{U185} \
	{U187} \
	{U188} \
	{U189} \
	{U191} \
	{U192} \
	{U196} \
	{U197} \
	{U198} \
	{U200} \
	{U201} \
	{U204} \
	{U205} \
	{U207} \
	{U208} \
	{U209} \
	{U210} \
	{U212} \
	{U213} \
	{U215} \
	{U216} \
	{U217} \
	{U218} \
	{U219} \
	{U220} \
	{U221} \
	{U222} \
	{U223} \
	{U224} \
	{U225} \
	{U228} \
	{U230} \
	{U231} \
	{U232} \
	{U233} \
	{U234} \
	{U235} \
	{U236} \
	{U237} \
	{U243} \
	{U245} \
	{U248} \
	{U249} \
	{U250} \
	{U251} \
	{U253} \
	{U257} \
	{U258} \
	{U262} \
	]

## Summary: 
#########################################################
## Number of Placed Instances = 143
## Number of Unplaced Instances = 0
## Placement Density:73.86%(27283/36936)
