###############################################################
#  Generated by:      Cadence Encounter 13.13-s017_1
#  OS:                Linux x86_64(Host ID lab1-29)
#  Generated on:      Thu Nov 20 18:16:56 2014
#  Design:            controller
#  Command:           verifyGeometry -allowSameCellViols -noSameNet -noOverl...
###############################################################

SHORT: Pin of Cell U249 & Blockage of Cell U134  ( metal1 )
Bounds : ( 111.300, 219.000 ) ( 111.300, 219.900 )


SHORT: Pin of Cell U249 & Blockage of Cell U134  ( metal1 )
Bounds : ( 111.300, 198.900 ) ( 111.300, 200.100 )


SHORT: Pin of Cell U247 & Blockage of Cell FE_OFC0_aluop_1_  ( metal1 )
Bounds : ( 296.700, 189.900 ) ( 296.700, 191.100 )


SHORT: Pin of Cell U247 & Blockage of Cell FE_OFC0_aluop_1_  ( metal1 )
Bounds : ( 296.700, 170.100 ) ( 296.700, 171.000 )



Begin Summary ...
  Cells       : 0
  SameNet     : 0
  Wiring      : 0
  Antenna     : 0
  Short       : 4
  Overlap     : 0
End Summary

  Total Violations : 4 Viols.
