@(#)$CDS: LVS version 6.1.6-64b 07/05/2013 16:09 (sjfnl165) $

Command line: /uusoc/facility/cad_tools/Cadence/IC616.010_lnx86/tools.lnx86/dfII/bin/64bit/LVS -dir /home/nathan/5710/LVSf -l -s -t /home/nathan/5710/LVSf/layout /home/nathan/5710/LVSf/schematic
Like matching is enabled.
Net swapping is enabled.
Using terminal names as correspondence points.
Compiling Diva LVS rules...

    Net-list summary for /home/nathan/5710/LVSf/layout/netlist
       count
        18              nets
        7               terminals
        13              pmos
        13              nmos

    Net-list summary for /home/nathan/5710/LVSf/schematic/netlist
       count
        18              nets
        7               terminals
        13              pmos
        13              nmos


    Terminal correspondence points
    N14       N13       CLK
    N17       N14       CLRB
    N15       N10       D
    N13       N11       Q
    N11       N16       QB
    N12       N0        gnd!
    N16       N1        vdd!

Devices in the rules but not in the netlist:
        cap nfet pfet nmos4 pmos4

The net-lists match.

                             layout  schematic
                                instances
        un-matched              0       0      
        rewired                 0       0      
        size errors             0       0      
        pruned                  0       0      
        active                  26      26     
        total                   26      26     

                                  nets
        un-matched              0       0      
        merged                  0       0      
        pruned                  0       0      
        active                  18      18     
        total                   18      18     

                                terminals
        un-matched              0       0      
        matched but
        different type          0       0      
        total                   7       7      


Probe files from /home/nathan/5710/LVSf/schematic

devbad.out:

netbad.out:

mergenet.out:

termbad.out:

prunenet.out:

prunedev.out:

audit.out:


Probe files from /home/nathan/5710/LVSf/layout

devbad.out:

netbad.out:

mergenet.out:

termbad.out:

prunenet.out:

prunedev.out:

audit.out:
